{
  "stats": {
    "suites": 1,
    "tests": 5,
    "passes": 0,
    "pending": 0,
    "failures": 5,
    "start": "2025-06-19T04:38:42.759Z",
    "end": "2025-06-19T04:39:06.706Z",
    "duration": 23947,
    "testsRegistered": 5,
    "passPercent": 0,
    "pendingPercent": 0,
    "other": 0,
    "hasOther": false,
    "skipped": 0,
    "hasSkipped": false
  },
  "results": [
    {
      "uuid": "896e5edd-fde0-45c1-a41a-994656d1014a",
      "title": "",
      "fullFile": "cypress\\e2e\\wishlist_ui.cy.js",
      "file": "cypress\\e2e\\wishlist_ui.cy.js",
      "beforeHooks": [],
      "afterHooks": [],
      "tests": [],
      "suites": [
        {
          "uuid": "8b1fa1a6-fc09-4992-b133-b520ed0d4c57",
          "title": "Interface de Wishlist de Jogos",
          "fullFile": "",
          "file": "",
          "beforeHooks": [],
          "afterHooks": [],
          "tests": [
            {
              "title": "exibe os cards de jogos corretamente",
              "fullTitle": "Interface de Wishlist de Jogos exibe os cards de jogos corretamente",
              "timedOut": null,
              "duration": 5404,
              "state": "failed",
              "speed": null,
              "pass": false,
              "fail": true,
              "pending": false,
              "context": null,
              "code": "getCardByTestId('game-card').should('exist').and('have.length.greaterThan', 0);",
              "err": {
                "message": "AssertionError: Timed out retrying after 4000ms: Expected to find element: `[data-testid=\"game-card\"]`, but never found it.",
                "estack": "AssertionError: Timed out retrying after 4000ms: Expected to find element: `[data-testid=\"game-card\"]`, but never found it.\n    at Context.eval (webpack:///./cypress/e2e/wishlist_ui.cy.js:21:7)",
                "diff": null
              },
              "uuid": "4933e805-c142-4734-973e-7c764afc0791",
              "parentUUID": "8b1fa1a6-fc09-4992-b133-b520ed0d4c57",
              "isHook": false,
              "skipped": false
            },
            {
              "title": "adiciona um jogo à wishlist pela interface",
              "fullTitle": "Interface de Wishlist de Jogos adiciona um jogo à wishlist pela interface",
              "timedOut": null,
              "duration": 4448,
              "state": "failed",
              "speed": null,
              "pass": false,
              "fail": true,
              "pending": false,
              "context": null,
              "code": "getCardByTestId('game-card').first().within(() => {\n  cy.contains('Adicionar à Wishlist').click();\n});\ncy.contains('Jogo adicionado à wishlist!').should('exist');",
              "err": {
                "message": "AssertionError: Timed out retrying after 4000ms: Expected to find element: `[data-testid=\"game-card\"]`, but never found it.",
                "estack": "AssertionError: Timed out retrying after 4000ms: Expected to find element: `[data-testid=\"game-card\"]`, but never found it.\n    at getCardByTestId (webpack:///./cypress/e2e/wishlist_ui.cy.js:3:39)\n    at Context.eval (webpack:///./cypress/e2e/wishlist_ui.cy.js:26:4)",
                "diff": null
              },
              "uuid": "79409735-499e-4576-86a3-d93a356cb04e",
              "parentUUID": "8b1fa1a6-fc09-4992-b133-b520ed0d4c57",
              "isHook": false,
              "skipped": false
            },
            {
              "title": "remove um jogo da wishlist pela interface",
              "fullTitle": "Interface de Wishlist de Jogos remove um jogo da wishlist pela interface",
              "timedOut": null,
              "duration": 4581,
              "state": "failed",
              "speed": null,
              "pass": false,
              "fail": true,
              "pending": false,
              "context": null,
              "code": "cy.visit('http://localhost:5173/wishlist');\ncy.wait('@loadWishlist', {\n  timeout: 10000\n});\ngetCardByTestId('wishlist-card').first().within(() => {\n  cy.contains('Remover da Wishlist').click();\n});\ncy.contains('Jogo removido da wishlist!').should('exist');",
              "err": {
                "message": "AssertionError: Timed out retrying after 4000ms: Expected to find element: `[data-testid=\"wishlist-card\"]`, but never found it.",
                "estack": "AssertionError: Timed out retrying after 4000ms: Expected to find element: `[data-testid=\"wishlist-card\"]`, but never found it.\n    at getCardByTestId (webpack:///./cypress/e2e/wishlist_ui.cy.js:3:39)\n    at Context.eval (webpack:///./cypress/e2e/wishlist_ui.cy.js:37:4)",
                "diff": null
              },
              "uuid": "9f0ff801-1ceb-4f34-851f-f6f57eb19079",
              "parentUUID": "8b1fa1a6-fc09-4992-b133-b520ed0d4c57",
              "isHook": false,
              "skipped": false
            },
            {
              "title": "mostra imagem de fallback quando thumbnail falha ao carregar",
              "fullTitle": "Interface de Wishlist de Jogos mostra imagem de fallback quando thumbnail falha ao carregar",
              "timedOut": null,
              "duration": 4507,
              "state": "failed",
              "speed": null,
              "pass": false,
              "fail": true,
              "pending": false,
              "context": null,
              "code": "getCardByTestId('game-card').first().find('img').then($img => {\n  $img.attr('src', 'https://url-invalida.com/erro.jpg');\n  $img.trigger('error');\n});\ngetCardByTestId('game-card').first().find('img').should('have.attr', 'src').and('include', 'Imagem+Nao+Disponivel');",
              "err": {
                "message": "AssertionError: Timed out retrying after 4000ms: Expected to find element: `[data-testid=\"game-card\"]`, but never found it.",
                "estack": "AssertionError: Timed out retrying after 4000ms: Expected to find element: `[data-testid=\"game-card\"]`, but never found it.\n    at getCardByTestId (webpack:///./cypress/e2e/wishlist_ui.cy.js:3:39)\n    at Context.eval (webpack:///./cypress/e2e/wishlist_ui.cy.js:46:4)",
                "diff": null
              },
              "uuid": "44da96ec-e9f6-4bfd-beff-575c0b4ec5b9",
              "parentUUID": "8b1fa1a6-fc09-4992-b133-b520ed0d4c57",
              "isHook": false,
              "skipped": false
            },
            {
              "title": "mostra erro ao tentar adicionar um jogo sem ID (negativo visual)",
              "fullTitle": "Interface de Wishlist de Jogos mostra erro ao tentar adicionar um jogo sem ID (negativo visual)",
              "timedOut": null,
              "duration": 4487,
              "state": "failed",
              "speed": null,
              "pass": false,
              "fail": true,
              "pending": false,
              "context": null,
              "code": "cy.window().then(win => {\n  win.dispatchEvent(new CustomEvent('game:add-invalid'));\n});\ncy.contains('Erro: ID do jogo não encontrado').should('exist');",
              "err": {
                "message": "AssertionError: Timed out retrying after 4000ms: Expected to find content: 'Erro: ID do jogo não encontrado' but never did.",
                "estack": "AssertionError: Timed out retrying after 4000ms: Expected to find content: 'Erro: ID do jogo não encontrado' but never did.\n    at Context.eval (webpack:///./cypress/e2e/wishlist_ui.cy.js:61:51)",
                "diff": null
              },
              "uuid": "5059411a-385c-4302-8410-13ab8425fca4",
              "parentUUID": "8b1fa1a6-fc09-4992-b133-b520ed0d4c57",
              "isHook": false,
              "skipped": false
            }
          ],
          "suites": [],
          "passes": [],
          "failures": [
            "4933e805-c142-4734-973e-7c764afc0791",
            "79409735-499e-4576-86a3-d93a356cb04e",
            "9f0ff801-1ceb-4f34-851f-f6f57eb19079",
            "44da96ec-e9f6-4bfd-beff-575c0b4ec5b9",
            "5059411a-385c-4302-8410-13ab8425fca4"
          ],
          "pending": [],
          "skipped": [],
          "duration": 23427,
          "root": false,
          "rootEmpty": false,
          "_timeout": 2000
        }
      ],
      "passes": [],
      "failures": [],
      "pending": [],
      "skipped": [],
      "duration": 0,
      "root": true,
      "rootEmpty": true,
      "_timeout": 2000
    }
  ],
  "meta": {
    "mocha": {
      "version": "7.2.0"
    },
    "mochawesome": {
      "options": {
        "quiet": false,
        "reportFilename": "mochawesome",
        "saveHtml": true,
        "saveJson": true,
        "consoleReporter": "spec",
        "useInlineDiffs": false,
        "code": true
      },
      "version": "7.1.3"
    },
    "marge": {
      "options": null,
      "version": "6.2.0"
    }
  }
}